c:\users\k322\documents\septimo semestre\laboratorio de computación gráfica\proyectolcg\proyectolcg\debug\vc141.pdb
c:\users\k322\documents\septimo semestre\laboratorio de computación gráfica\proyectolcg\proyectolcg\debug\vc141.idb
c:\users\k322\documents\septimo semestre\laboratorio de computación gráfica\proyectolcg\proyectolcg\debug\camera.obj
c:\users\k322\documents\septimo semestre\laboratorio de computación gráfica\proyectolcg\proyectolcg\debug\figuras.obj
c:\users\k322\documents\septimo semestre\laboratorio de computación gráfica\proyectolcg\proyectolcg\debug\main_plcg.obj
c:\users\k322\documents\septimo semestre\laboratorio de computación gráfica\proyectolcg\proyectolcg\debug\texture.obj
c:\users\k322\documents\septimo semestre\laboratorio de computación gráfica\proyectolcg\debug\proyectolcg.ilk
c:\users\k322\documents\septimo semestre\laboratorio de computación gráfica\proyectolcg\debug\proyectolcg.exe
c:\users\k322\documents\septimo semestre\laboratorio de computación gráfica\proyectolcg\debug\proyectolcg.pdb
c:\users\k322\documents\github\proyectolcg\proyectolcg\debug\camera.obj
c:\users\k322\documents\github\proyectolcg\proyectolcg\debug\figuras.obj
c:\users\k322\documents\github\proyectolcg\proyectolcg\debug\main_plcg.obj
c:\users\k322\documents\github\proyectolcg\proyectolcg\debug\texture.obj
c:\users\k322\documents\github\proyectolcg\proyectolcg\debug\vc141.idb
c:\users\k322\documents\github\proyectolcg\proyectolcg\debug\vc141.pdb
c:\users\k322\documents\github\proyectolcg\debug\proyectolcg.pdb
c:\users\k322\documents\github\proyectolcg\debug\proyectolcg.exe
c:\users\k322\documents\github\proyectolcg\debug\proyectolcg.ilk
c:\users\k322\documents\github\proyectolcg\proyectolcg\debug\proyectolcg.tlog\cl.command.1.tlog
c:\users\k322\documents\github\proyectolcg\proyectolcg\debug\proyectolcg.tlog\cl.read.1.tlog
c:\users\k322\documents\github\proyectolcg\proyectolcg\debug\proyectolcg.tlog\cl.write.1.tlog
c:\users\k322\documents\github\proyectolcg\proyectolcg\debug\proyectolcg.tlog\link.command.1.tlog
c:\users\k322\documents\github\proyectolcg\proyectolcg\debug\proyectolcg.tlog\link.read.1.tlog
c:\users\k322\documents\github\proyectolcg\proyectolcg\debug\proyectolcg.tlog\link.write.1.tlog
